<?xml version="1.0" encoding="UTF-8"?>
<!-- Generated by org.testng.reporters.JUnitXMLReporter -->
<testsuite ignored="1" hostname="LAPTOP-MTLRPAET" failures="0" tests="2" name="IETest" time="0.071" errors="0" timestamp="2022-06-27T15:44:24 IST">
  <testcase classname="TestNgStudy.IncludExcludeStudy" name="m" time="0.013"/>
  <testcase classname="TestNgStudy.IncludExcludeStudy" name="v" time="0.002"/>
  <testcase classname="TestNgStudy.IncludExcludeStudy" name="f" time="0.0">
    <ignored/>
  </testcase> <!-- f -->
</testsuite> <!-- IETest -->
