<?xml version="1.0" encoding="UTF-8"?>
<!-- Generated by org.testng.reporters.JUnitXMLReporter -->
<testsuite ignored="3" hostname="LAPTOP-MTLRPAET" failures="0" tests="1" name="priority" time="0.078" errors="0" timestamp="2022-06-27T15:04:38 IST">
  <testcase classname="TestNgStudy.Priority" name="v" time="0.015"/>
  <testcase classname="TestNgStudy.Priority" name="p" time="0.0">
    <ignored/>
  </testcase> <!-- p -->
  <testcase classname="TestNgStudy.Priority" name="b" time="0.0">
    <ignored/>
  </testcase> <!-- b -->
  <testcase classname="TestNgStudy.Priority" name="M" time="0.0">
    <ignored/>
  </testcase> <!-- M -->
</testsuite> <!-- priority -->
