<?xml version="1.0" encoding="UTF-8"?>
<!-- Generated by org.testng.reporters.JUnitXMLReporter -->
<testsuite ignored="8" hostname="LAPTOP-MTLRPAET" failures="0" tests="2" name="Test12" time="0.101" errors="0" timestamp="2022-06-27T17:02:54 IST">
  <testcase classname="TestNgStudy.MyTestClass1" name="b" time="0.015"/>
  <testcase classname="TestNgStudy.MyTestClass2" name="n" time="0.003"/>
  <testcase classname="TestNgStudy.MyTestClass1" name="a" time="0.0">
    <ignored/>
  </testcase> <!-- a -->
  <testcase classname="TestNgStudy.MyTestClass2" name="m" time="0.0">
    <ignored/>
  </testcase> <!-- m -->
  <testcase classname="TestNgStudy.MyTestClass2" name="p" time="0.0">
    <ignored/>
  </testcase> <!-- p -->
  <testcase classname="TestNgStudy.MyTestClass2" name="o" time="0.0">
    <ignored/>
  </testcase> <!-- o -->
  <testcase classname="TestNgStudy.MyTestClass1" name="e" time="0.0">
    <ignored/>
  </testcase> <!-- e -->
  <testcase classname="TestNgStudy.MyTestClass1" name="c" time="0.0">
    <ignored/>
  </testcase> <!-- c -->
  <testcase classname="TestNgStudy.MyTestClass1" name="d" time="0.0">
    <ignored/>
  </testcase> <!-- d -->
  <testcase classname="TestNgStudy.MyTestClass2" name="r" time="0.0">
    <ignored/>
  </testcase> <!-- r -->
</testsuite> <!-- Test12 -->
