<?xml version="1.0" encoding="UTF-8"?>
<testng-results ignored="0" total="1" passed="1" failed="0" skipped="0">
  <reporter-output>
    <line>
      <![CDATA[TC1 softAssert is running]]>
    </line>
    <line>
      <![CDATA[running Tc]]>
    </line>
  </reporter-output>
  <suite started-at="2022-07-08T16:32:46 IST" name="Default suite" finished-at="2022-07-08T16:32:46 IST" duration-ms="110">
    <groups>
    </groups>
    <test started-at="2022-07-08T16:32:46 IST" name="Default test" finished-at="2022-07-08T16:32:46 IST" duration-ms="110">
      <class name="TestNgStudy.SoftAssert">
        <test-method signature="TC1()[pri:0, instance:TestNgStudy.SoftAssert@5ffead27]" started-at="2022-07-08T16:32:46 IST" name="TC1" finished-at="2022-07-08T16:32:46 IST" duration-ms="23" status="PASS">
          <reporter-output>
            <line>
              <![CDATA[TC1 softAssert is running]]>
            </line>
            <line>
              <![CDATA[running Tc]]>
            </line>
          </reporter-output>
        </test-method> <!-- TC1 -->
      </class> <!-- TestNgStudy.SoftAssert -->
    </test> <!-- Default test -->
  </suite> <!-- Default suite -->
</testng-results>
